c:\users\chees_000\documents\programs\cs32\project3\roboblast\debug\vc140.pdb
c:\users\chees_000\documents\programs\cs32\project3\roboblast\debug\vc140.idb
c:\users\chees_000\documents\programs\cs32\project3\roboblast\debug\actor.obj
c:\users\chees_000\documents\programs\cs32\project3\roboblast\debug\gamecontroller.obj
c:\users\chees_000\documents\programs\cs32\project3\roboblast\debug\gameworld.obj
c:\users\chees_000\documents\programs\cs32\project3\roboblast\debug\main.obj
c:\users\chees_000\documents\programs\cs32\project3\roboblast\debug\studentworld.obj
c:\users\chees_000\documents\programs\cs32\project3\debug\roboblast.pdb
c:\users\chees_000\documents\programs\cs32\project3\roboblast\debug\roboblast.tlog\cl.command.1.tlog
c:\users\chees_000\documents\programs\cs32\project3\roboblast\debug\roboblast.tlog\cl.read.1.tlog
c:\users\chees_000\documents\programs\cs32\project3\roboblast\debug\roboblast.tlog\cl.write.1.tlog
c:\users\chees_000\documents\programs\cs32\project3\roboblast\debug\roboblast.tlog\link-cvtres.read.1.tlog
c:\users\chees_000\documents\programs\cs32\project3\roboblast\debug\roboblast.tlog\link-cvtres.write.1.tlog
c:\users\chees_000\documents\programs\cs32\project3\roboblast\debug\roboblast.tlog\link-rc.read.1.tlog
c:\users\chees_000\documents\programs\cs32\project3\roboblast\debug\roboblast.tlog\link-rc.write.1.tlog
c:\users\chees_000\documents\programs\cs32\project3\roboblast\debug\roboblast.tlog\link.5584-cvtres.read.1.tlog
c:\users\chees_000\documents\programs\cs32\project3\roboblast\debug\roboblast.tlog\link.5584-cvtres.write.1.tlog
c:\users\chees_000\documents\programs\cs32\project3\roboblast\debug\roboblast.tlog\link.5584-rc.read.1.tlog
c:\users\chees_000\documents\programs\cs32\project3\roboblast\debug\roboblast.tlog\link.5584-rc.write.1.tlog
c:\users\chees_000\documents\programs\cs32\project3\roboblast\debug\roboblast.tlog\link.5584.read.1.tlog
c:\users\chees_000\documents\programs\cs32\project3\roboblast\debug\roboblast.tlog\link.5584.write.1.tlog
c:\users\chees_000\documents\programs\cs32\project3\roboblast\debug\roboblast.tlog\link.command.1.tlog
c:\users\chees_000\documents\programs\cs32\project3\roboblast\debug\roboblast.tlog\link.read.1.tlog
c:\users\chees_000\documents\programs\cs32\project3\roboblast\debug\roboblast.tlog\link.write.1.tlog
